[2017-08-14 09:56:40,130] Making new env: PongDeterministic-v4
/usr/local/lib/python3.5/site-packages/tensorflow/python/ops/gradients_impl.py:93: UserWarning: Converting sparse IndexedSlices to a dense Tensor of unknown shape. This may consume a large amount of memory.
  "Converting sparse IndexedSlices to a dense Tensor of unknown shape. "
2017-08-14 09:56:46.679560: W tensorflow/core/platform/cpu_feature_guard.cc:45] The TensorFlow library wasn't compiled to use SSE4.1 instructions, but these are available on your machine and could speed up CPU computations.
2017-08-14 09:56:46.679608: W tensorflow/core/platform/cpu_feature_guard.cc:45] The TensorFlow library wasn't compiled to use SSE4.2 instructions, but these are available on your machine and could speed up CPU computations.
2017-08-14 09:56:46.679617: W tensorflow/core/platform/cpu_feature_guard.cc:45] The TensorFlow library wasn't compiled to use AVX instructions, but these are available on your machine and could speed up CPU computations.
2017-08-14 09:56:46.679624: W tensorflow/core/platform/cpu_feature_guard.cc:45] The TensorFlow library wasn't compiled to use AVX2 instructions, but these are available on your machine and could speed up CPU computations.
2017-08-14 09:56:46.679630: W tensorflow/core/platform/cpu_feature_guard.cc:45] The TensorFlow library wasn't compiled to use FMA instructions, but these are available on your machine and could speed up CPU computations.
2017-08-14 09:56:47.006070: I tensorflow/core/common_runtime/gpu/gpu_device.cc:940] Found device 0 with properties: 
name: Tesla M40 24GB
major: 5 minor: 2 memoryClockRate (GHz) 1.114
pciBusID 0000:8a:00.0
Total memory: 23.93GiB
Free memory: 10.25GiB
2017-08-14 09:56:47.006131: I tensorflow/core/common_runtime/gpu/gpu_device.cc:961] DMA: 0 
2017-08-14 09:56:47.006143: I tensorflow/core/common_runtime/gpu/gpu_device.cc:971] 0:   Y 
2017-08-14 09:56:47.006157: I tensorflow/core/common_runtime/gpu/gpu_device.cc:1030] Creating TensorFlow device (/gpu:0) -> (device: 0, name: Tesla M40 24GB, pci bus id: 0000:8a:00.0)
Populating replay memory...
Step 903 (904) @ Episode 1/10000, loss: 116.36296844482422, reward -20.000000, eps 0.998375
Step 927 (1832) @ Episode 2/10000, loss: 71.7208023071289, reward -20.000000, eps 0.996704
Step 983 (2816) @ Episode 3/10000, loss: 65.02892303466797, reward -19.000000, eps 0.994933
Step 763 (3580) @ Episode 4/10000, loss: 58.02151107788086, reward -21.000000, eps 0.993558
Step 819 (4400) @ Episode 5/10000, loss: 28.491453170776367, reward -21.000000, eps 0.992082
Step 908 (5309) @ Episode 6/10000, loss: 24.056596755981445, reward -21.000000, eps 0.990446
Step 869 (6179) @ Episode 7/10000, loss: 54.16561508178711, reward -20.000000, eps 0.988880
Step 913 (7093) @ Episode 8/10000, loss: 34.1097297668457, reward -21.000000, eps 0.987234
Step 763 (7857) @ Episode 9/10000, loss: 34.40827560424805, reward -21.000000, eps 0.985859
Step 913 (8771) @ Episode 10/10000, loss: 49.72944641113281, reward -21.000000, eps 0.984214
Step 929 (9701) @ Episode 11/10000, loss: 43.37675857543945, reward -21.000000, eps 0.982540
Step 763 (10465) @ Episode 12/10000, loss: 44.63383102416992, reward -21.000000, eps 0.981165
Step 935 (11401) @ Episode 13/10000, loss: 43.03885269165039, reward -21.000000, eps 0.979480
Step 791 (12193) @ Episode 14/10000, loss: 41.88951873779297, reward -21.000000, eps 0.978054
Step 927 (13121) @ Episode 15/10000, loss: 40.192527770996094, reward -21.000000, eps 0.976384
Step 982 (14104) @ Episode 16/10000, loss: 35.42085647583008, reward -19.000000, eps 0.974615
Step 904 (15009) @ Episode 17/10000, loss: 29.72747802734375, reward -20.000000, eps 0.972986
Step 851 (15861) @ Episode 18/10000, loss: 26.36029052734375, reward -21.000000, eps 0.971452
Step 869 (16731) @ Episode 19/10000, loss: 26.174015045166016, reward -21.000000, eps 0.969886
Step 853 (17585) @ Episode 20/10000, loss: 22.2326602935791, reward -21.000000, eps 0.968349
Step 791 (18377) @ Episode 21/10000, loss: 23.273393630981445, reward -21.000000, eps 0.966923
Step 881 (19259) @ Episode 22/10000, loss: 29.885700225830078, reward -21.000000, eps 0.965336
Step 957 (20217) @ Episode 23/10000, loss: 31.682209014892578, reward -20.000000, eps 0.963611
Step 763 (20981) @ Episode 24/10000, loss: 48.41013717651367, reward -21.000000, eps 0.962236
Step 1112 (22094) @ Episode 25/10000, loss: 38.44887161254883, reward -20.000000, eps 0.960233
Step 877 (22972) @ Episode 26/10000, loss: 44.027069091796875, reward -20.000000, eps 0.958652
Step 823 (23796) @ Episode 27/10000, loss: 42.35646438598633, reward -21.000000, eps 0.957169
Step 1094 (24891) @ Episode 28/10000, loss: 44.77455139160156, reward -21.000000, eps 0.955198
Step 869 (25761) @ Episode 29/10000, loss: 38.23457336425781, reward -21.000000, eps 0.953632
Step 912 (26674) @ Episode 30/10000, loss: 39.667049407958984, reward -21.000000, eps 0.951989
Step 998 (27673) @ Episode 31/10000, loss: 33.84281539916992, reward -20.000000, eps 0.950190
Step 990 (28664) @ Episode 32/10000, loss: 32.83917236328125, reward -20.000000, eps 0.948406
Step 879 (29544) @ Episode 33/10000, loss: 40.27634048461914, reward -21.000000, eps 0.946822
Step 926 (30471) @ Episode 34/10000, loss: 38.570674896240234, reward -20.000000, eps 0.945154
Step 852 (31324) @ Episode 35/10000, loss: 39.54306411743164, reward -21.000000, eps 0.943618
Step 1087 (32412) @ Episode 36/10000, loss: 43.4985466003418, reward -19.000000, eps 0.941660
Step 1120 (33533) @ Episode 37/10000, loss: 45.33378982543945, reward -20.000000, eps 0.939642
Step 810 (34344) @ Episode 38/10000, loss: 44.47092056274414, reward -21.000000, eps 0.938182
Step 1289 (35634) @ Episode 39/10000, loss: 43.1836051940918, reward -17.000000, eps 0.935860
Step 1153 (36788) @ Episode 40/10000, loss: 43.876548767089844, reward -19.000000, eps 0.933783
Step 933 (37722) @ Episode 41/10000, loss: 44.43278884887695, reward -21.000000, eps 0.932102
Step 948 (38671) @ Episode 42/10000, loss: 48.154903411865234, reward -20.000000, eps 0.930394
Step 902 (39574) @ Episode 43/10000, loss: 45.29085922241211, reward -21.000000, eps 0.928768
Step 1137 (40712) @ Episode 44/10000, loss: 47.64381790161133, reward -19.000000, eps 0.926720
Step 1067 (41780) @ Episode 45/10000, loss: 49.66207504272461, reward -20.000000, eps 0.924798
Step 902 (42683) @ Episode 46/10000, loss: 50.63735580444336, reward -20.000000, eps 0.923172
Step 823 (43507) @ Episode 47/10000, loss: 50.24758529663086, reward -21.000000, eps 0.921689
Step 910 (44418) @ Episode 48/10000, loss: 51.222164154052734, reward -21.000000, eps 0.920049
Step 993 (45412) @ Episode 49/10000, loss: 50.24714279174805, reward -20.000000, eps 0.918260
Step 879 (46292) @ Episode 50/10000, loss: 49.959556579589844, reward -21.000000, eps 0.916676
Step 810 (47103) @ Episode 51/10000, loss: 48.33889389038086, reward -21.000000, eps 0.915216
Step 882 (47986) @ Episode 52/10000, loss: 48.23500061035156, reward -21.000000, eps 0.913627
Step 988 (48975) @ Episode 53/10000, loss: 53.16411209106445, reward -21.000000, eps 0.911847
Step 1080 (50056) @ Episode 54/10000, loss: 51.93536376953125, reward -20.000000, eps 0.909901
Step 821 (50878) @ Episode 55/10000, loss: 48.173667907714844, reward -21.000000, eps 0.908421
Step 1082 (51961) @ Episode 56/10000, loss: 50.088233947753906, reward -19.000000, eps 0.906472
Step 1025 (52987) @ Episode 57/10000, loss: 52.37079620361328, reward -19.000000, eps 0.904625
Step 1022 (54010) @ Episode 58/10000, loss: 50.01184844970703, reward -20.000000, eps 0.902784
Step 1142 (55153) @ Episode 59/10000, loss: 52.37080764770508, reward -18.000000, eps 0.900726
Step 1026 (56180) @ Episode 60/10000, loss: 50.394046783447266, reward -19.000000, eps 0.898878
Step 898 (57079) @ Episode 61/10000, loss: 51.58747482299805, reward -21.000000, eps 0.897259
Step 883 (57963) @ Episode 62/10000, loss: 51.707374572753906, reward -21.000000, eps 0.895668
Step 1143 (59107) @ Episode 63/10000, loss: 52.094696044921875, reward -20.000000, eps 0.893609
Step 969 (60077) @ Episode 64/10000, loss: 51.63569259643555, reward -21.000000, eps 0.891863
Step 902 (60980) @ Episode 65/10000, loss: 51.15825271606445, reward -20.000000, eps 0.890238
Step 1344 (62325) @ Episode 66/10000, loss: 52.19178771972656, reward -18.000000, eps 0.887817
Step 791 (63117) @ Episode 67/10000, loss: 52.40587615966797, reward -21.000000, eps 0.886391
Step 1038 (64156) @ Episode 68/10000, loss: 52.63620376586914, reward -20.000000, eps 0.884521
Step 1017 (65174) @ Episode 69/10000, loss: 52.043601989746094, reward -21.000000, eps 0.882688
Step 1111 (66286) @ Episode 70/10000, loss: 52.912269592285156, reward -20.000000, eps 0.880687
Step 1103 (67390) @ Episode 71/10000, loss: 52.526878356933594, reward -19.000000, eps 0.878700
Step 870 (68261) @ Episode 72/10000, loss: 53.538883209228516, reward -20.000000, eps 0.877132
Step 916 (69178) @ Episode 73/10000, loss: 53.599365234375, reward -21.000000, eps 0.875481
Step 1039 (70218) @ Episode 74/10000, loss: 52.789024353027344, reward -20.000000, eps 0.873609
Step 1217 (71436) @ Episode 75/10000, loss: 52.8060188293457, reward -19.000000, eps 0.871417
Step 852 (72289) @ Episode 76/10000, loss: 53.718544006347656, reward -21.000000, eps 0.869881
Step 1062 (73352) @ Episode 77/10000, loss: 53.470279693603516, reward -19.000000, eps 0.867968
Step 1053 (74406) @ Episode 78/10000, loss: 54.4856071472168, reward -19.000000, eps 0.866071
Step 1190 (75597) @ Episode 79/10000, loss: 53.225521087646484, reward -20.000000, eps 0.863927
Step 885 (76483) @ Episode 80/10000, loss: 54.71510696411133, reward -21.000000, eps 0.862332
Step 1041 (77525) @ Episode 81/10000, loss: 55.64044189453125, reward -20.000000, eps 0.860457
Step 839 (78365) @ Episode 82/10000, loss: 56.127567291259766, reward -21.000000, eps 0.858945
Step 950 (79316) @ Episode 83/10000, loss: 54.624393463134766, reward -20.000000, eps 0.857233
Step 991 (80308) @ Episode 84/10000, loss: 53.851139068603516, reward -21.000000, eps 0.855447
Step 1057 (81366) @ Episode 85/10000, loss: 54.59788513183594, reward -19.000000, eps 0.853543
Step 853 (82220) @ Episode 86/10000, loss: 53.505069732666016, reward -21.000000, eps 0.852006
Step 1026 (83247) @ Episode 87/10000, loss: 54.884315490722656, reward -20.000000, eps 0.850157
Step 1184 (84432) @ Episode 88/10000, loss: 56.04926300048828, reward -19.000000, eps 0.848024
Step 1050 (85483) @ Episode 89/10000, loss: 57.42194747924805, reward -18.000000, eps 0.846132
Step 1173 (86657) @ Episode 90/10000, loss: 56.224517822265625, reward -18.000000, eps 0.844019
Step 782 (87440) @ Episode 91/10000, loss: 56.39936447143555, reward -21.000000, eps 0.842609
Step 1162 (88603) @ Episode 92/10000, loss: 56.84489059448242, reward -19.000000, eps 0.840516
Step 1291 (89895) @ Episode 93/10000, loss: 55.54869079589844, reward -16.000000, eps 0.838190
Step 1157 (91053) @ Episode 94/10000, loss: 57.1779670715332, reward -20.000000, eps 0.836106
Step 929 (91983) @ Episode 95/10000, loss: 57.40083694458008, reward -20.000000, eps 0.834432
Step 1189 (93173) @ Episode 96/10000, loss: 57.00164031982422, reward -19.000000, eps 0.832290
Step 965 (94139) @ Episode 97/10000, loss: 57.17430877685547, reward -20.000000, eps 0.830551
Step 975 (95115) @ Episode 98/10000, loss: 57.23550033569336, reward -20.000000, eps 0.828794
Step 1057 (96173) @ Episode 99/10000, loss: 57.190391540527344, reward -20.000000, eps 0.826890
Step 791 (96965) @ Episode 100/10000, loss: 57.62803649902344, reward -21.000000, eps 0.825464
Step 1043 (98009) @ Episode 101/10000, loss: 58.68330001831055, reward -20.000000, eps 0.823585
Step 999 (99009) @ Episode 102/10000, loss: 57.79352569580078, reward -21.000000, eps 0.821785
Step 1200 (100210) @ Episode 103/10000, loss: 58.42012023925781, reward -19.000000, eps 0.819623
Step 949 (101160) @ Episode 104/10000, loss: 57.62885665893555, reward -20.000000, eps 0.817913
Step 1034 (102195) @ Episode 105/10000, loss: 57.78440475463867, reward -19.000000, eps 0.816050
Step 931 (103127) @ Episode 106/10000, loss: 60.244178771972656, reward -20.000000, eps 0.814373
Step 1191 (104319) @ Episode 107/10000, loss: 59.066497802734375, reward -19.000000, eps 0.812227
Step 1228 (105548) @ Episode 108/10000, loss: 59.97870635986328, reward -20.000000, eps 0.810015
Step 1227 (106776) @ Episode 109/10000, loss: 59.653770446777344, reward -18.000000, eps 0.807805
Step 999 (107776) @ Episode 110/10000, loss: 58.526954650878906, reward -21.000000, eps 0.806005
Step 793 (108570) @ Episode 111/10000, loss: 60.07383346557617, reward -21.000000, eps 0.804575
Step 972 (109543) @ Episode 112/10000, loss: 58.94367599487305, reward -20.000000, eps 0.802824
Step 1036 (110580) @ Episode 113/10000, loss: 59.467430114746094, reward -20.000000, eps 0.800957
Step 1115 (111696) @ Episode 114/10000, loss: 60.53703308105469, reward -21.000000, eps 0.798949
Step 1009 (112706) @ Episode 115/10000, loss: 59.847129821777344, reward -20.000000, eps 0.797131
Step 933 (113640) @ Episode 116/10000, loss: 60.25699996948242, reward -21.000000, eps 0.795449
Step 995 (114636) @ Episode 117/10000, loss: 60.86237716674805, reward -19.000000, eps 0.793657
Step 1206 (115843) @ Episode 118/10000, loss: 60.7570686340332, reward -20.000000, eps 0.791484
Step 1069 (116913) @ Episode 119/10000, loss: 60.37436294555664, reward -19.000000, eps 0.789558
Step 947 (117861) @ Episode 120/10000, loss: 61.52862548828125, reward -20.000000, eps 0.787852
Step 971 (118833) @ Episode 121/10000, loss: 61.24373245239258, reward -21.000000, eps 0.786102
Step 1128 (119962) @ Episode 122/10000, loss: 61.98188400268555, reward -20.000000, eps 0.784070
Step 1235 (121198) @ Episode 123/10000, loss: 61.580326080322266, reward -19.000000, eps 0.781845
Step 869 (122068) @ Episode 124/10000, loss: 61.039798736572266, reward -21.000000, eps 0.780279
Step 1228 (123297) @ Episode 125/10000, loss: 61.37936782836914, reward -20.000000, eps 0.778067
Step 934 (124232) @ Episode 126/10000, loss: 63.17577362060547, reward -21.000000, eps 0.776384
Step 1029 (125262) @ Episode 127/10000, loss: 63.05182647705078, reward -21.000000, eps 0.774530
Step 1300 (126563) @ Episode 128/10000, loss: 62.86730194091797, reward -19.000000, eps 0.772188
Step 900 (127464) @ Episode 129/10000, loss: 61.684940338134766, reward -21.000000, eps 0.770566
Step 1165 (128630) @ Episode 130/10000, loss: 61.69844055175781, reward -19.000000, eps 0.768467
Step 937 (129568) @ Episode 131/10000, loss: 62.39169692993164, reward -20.000000, eps 0.766779
Step 1016 (130585) @ Episode 132/10000, loss: 62.15470504760742, reward -19.000000, eps 0.764948
Step 1061 (131647) @ Episode 133/10000, loss: 62.542755126953125, reward -19.000000, eps 0.763037
Step 1032 (132680) @ Episode 134/10000, loss: 62.414276123046875, reward -21.000000, eps 0.761177
Step 1214 (133895) @ Episode 135/10000, loss: 61.59800720214844, reward -19.000000, eps 0.758990
Step 1076 (134972) @ Episode 136/10000, loss: 63.155479431152344, reward -19.000000, eps 0.757052
Step 1228 (136201) @ Episode 137/10000, loss: 63.03611755371094, reward -16.000000, eps 0.754840
Step 899 (137101) @ Episode 138/10000, loss: 63.21001052856445, reward -21.000000, eps 0.753220
Step 984 (138086) @ Episode 139/10000, loss: 63.908226013183594, reward -19.000000, eps 0.751447
Step 1092 (139179) @ Episode 140/10000, loss: 63.803466796875, reward -20.000000, eps 0.749479
Step 1037 (140217) @ Episode 141/10000, loss: 62.96415328979492, reward -20.000000, eps 0.747611
Step 931 (141149) @ Episode 142/10000, loss: 61.6070671081543, reward -20.000000, eps 0.745933
Step 1138 (142288) @ Episode 143/10000, loss: 62.68223190307617, reward -19.000000, eps 0.743883
Step 1323 (143612) @ Episode 144/10000, loss: 62.1203727722168, reward -20.000000, eps 0.741500
Step 841 (144454) @ Episode 145/10000, loss: 62.26365280151367, reward -21.000000, eps 0.739984
Step 1195 (145650) @ Episode 146/10000, loss: 62.769447326660156, reward -18.000000, eps 0.737831
Step 1135 (146786) @ Episode 147/10000, loss: 62.81644821166992, reward -21.000000, eps 0.735786
Step 930 (147717) @ Episode 148/10000, loss: 62.995330810546875, reward -20.000000, eps 0.734111
Step 879 (148597) @ Episode 149/10000, loss: 63.93806076049805, reward -21.000000, eps 0.732527
Step 1054 (149652) @ Episode 150/10000, loss: 63.99503707885742, reward -19.000000, eps 0.730628
Step 1226 (150879) @ Episode 151/10000, loss: 63.46822738647461, reward -19.000000, eps 0.728419
Step 1103 (151983) @ Episode 152/10000, loss: 63.52327346801758, reward -21.000000, eps 0.726432
Step 980 (152964) @ Episode 153/10000, loss: 63.02277755737305, reward -20.000000, eps 0.724666
Step 1059 (154024) @ Episode 154/10000, loss: 63.76468276977539, reward -19.000000, eps 0.722758
Step 1035 (155060) @ Episode 155/10000, loss: 62.716121673583984, reward -20.000000, eps 0.720893
Step 1017 (156078) @ Episode 156/10000, loss: 63.337398529052734, reward -19.000000, eps 0.719061
Step 1204 (157283) @ Episode 157/10000, loss: 63.615936279296875, reward -19.000000, eps 0.716892
Step 1085 (158369) @ Episode 158/10000, loss: 64.63800048828125, reward -19.000000, eps 0.714937
Step 1399 (159769) @ Episode 159/10000, loss: 64.3952865600586, reward -16.000000, eps 0.712417
Step 1074 (160844) @ Episode 160/10000, loss: 65.14936065673828, reward -19.000000, eps 0.710482
Step 1368 (162213) @ Episode 161/10000, loss: 65.12307739257812, reward -20.000000, eps 0.708018
Step 1243 (163457) @ Episode 162/10000, loss: 64.63007354736328, reward -19.000000, eps 0.705779
Step 1089 (164547) @ Episode 163/10000, loss: 64.20986938476562, reward -19.000000, eps 0.703817
Step 1531 (166079) @ Episode 164/10000, loss: 64.86161804199219, reward -17.000000, eps 0.701059
Step 1480 (167560) @ Episode 165/10000, loss: 65.01873779296875, reward -17.000000, eps 0.698393
Step 1524 (169085) @ Episode 166/10000, loss: 64.3192138671875, reward -17.000000, eps 0.695648
Step 1008 (170094) @ Episode 167/10000, loss: 64.23088073730469, reward -21.000000, eps 0.693832
Step 1241 (171336) @ Episode 168/10000, loss: 64.96339416503906, reward -18.000000, eps 0.691596
Step 1539 (172876) @ Episode 169/10000, loss: 64.61984252929688, reward -18.000000, eps 0.688824
Step 851 (173728) @ Episode 170/10000, loss: 64.67073822021484, reward -21.000000, eps 0.687291
Step 1170 (174899) @ Episode 171/10000, loss: 65.39549255371094, reward -20.000000, eps 0.685183
Step 1380 (176280) @ Episode 172/10000, loss: 65.71855926513672, reward -17.000000, eps 0.682697
Step 1066 (177347) @ Episode 173/10000, loss: 65.15477752685547, reward -21.000000, eps 0.680777
Step 1246 (178594) @ Episode 174/10000, loss: 65.4065933227539, reward -19.000000, eps 0.678532
Step 1183 (179778) @ Episode 175/10000, loss: 65.1579818725586, reward -19.000000, eps 0.676401
Step 1420 (181199) @ Episode 176/10000, loss: 66.05001068115234, reward -18.000000, eps 0.673843
Step 1330 (182530) @ Episode 177/10000, loss: 66.1759033203125, reward -18.000000, eps 0.671447
Step 1214 (183745) @ Episode 178/10000, loss: 66.87992858886719, reward -20.000000, eps 0.669260
Step 1686 (185432) @ Episode 179/10000, loss: 66.34107208251953, reward -16.000000, eps 0.666224
Step 1305 (186738) @ Episode 180/10000, loss: 66.23369598388672, reward -19.000000, eps 0.663873
Step 1308 (188047) @ Episode 181/10000, loss: 66.02628326416016, reward -19.000000, eps 0.661517
Step 1396 (189444) @ Episode 182/10000, loss: 66.26475524902344, reward -18.000000, eps 0.659002
Step 1244 (190689) @ Episode 183/10000, loss: 66.37593078613281, reward -19.000000, eps 0.656761
Step 1276 (191966) @ Episode 184/10000, loss: 66.29717254638672, reward -18.000000, eps 0.654462
Step 1263 (193230) @ Episode 185/10000, loss: 66.8104476928711, reward -19.000000, eps 0.652187
Step 1123 (194354) @ Episode 186/10000, loss: 66.37380981445312, reward -19.000000, eps 0.650164
Step 1600 (195955) @ Episode 187/10000, loss: 67.01663208007812, reward -16.000000, eps 0.647282
Step 1544 (197500) @ Episode 188/10000, loss: 66.78984069824219, reward -19.000000, eps 0.644501
Step 1477 (198978) @ Episode 189/10000, loss: 67.34967803955078, reward -19.000000, eps 0.641841
Step 1422 (200401) @ Episode 190/10000, loss: 67.21155548095703, reward -18.000000, eps 0.639279
Step 1313 (201715) @ Episode 191/10000, loss: 66.53230285644531, reward -19.000000, eps 0.636914
Step 1693 (203409) @ Episode 192/10000, loss: 65.56211853027344, reward -18.000000, eps 0.633865
Step 1361 (204771) @ Episode 193/10000, loss: 65.87602996826172, reward -20.000000, eps 0.631413
Step 1373 (206145) @ Episode 194/10000, loss: 65.77967834472656, reward -20.000000, eps 0.628940
Step 1606 (207752) @ Episode 195/10000, loss: 67.24398803710938, reward -16.000000, eps 0.626047
Step 1761 (209514) @ Episode 196/10000, loss: 67.67117309570312, reward -15.000000, eps 0.622876
Step 1622 (211137) @ Episode 197/10000, loss: 66.92542266845703, reward -16.000000, eps 0.619954
Step 1448 (212586) @ Episode 198/10000, loss: 67.29596710205078, reward -18.000000, eps 0.617346
Step 1115 (213702) @ Episode 199/10000, loss: 66.04033660888672, reward -19.000000, eps 0.615337
Step 1047 (214750) @ Episode 200/10000, loss: 67.32131958007812, reward -21.000000, eps 0.613451
Step 1542 (216293) @ Episode 201/10000, loss: 68.37373352050781, reward -16.000000, eps 0.610674
Step 1644 (217938) @ Episode 202/10000, loss: 66.53501892089844, reward -18.000000, eps 0.607713
Step 1774 (219713) @ Episode 203/10000, loss: 67.68873596191406, reward -16.000000, eps 0.604518
Step 1246 (220960) @ Episode 204/10000, loss: 66.82968139648438, reward -19.000000, eps 0.602273
Step 1478 (222439) @ Episode 205/10000, loss: 68.30606842041016, reward -19.000000, eps 0.599611
Step 1558 (223998) @ Episode 206/10000, loss: 67.63589477539062, reward -19.000000, eps 0.596805
Step 1222 (225221) @ Episode 207/10000, loss: 67.92411041259766, reward -18.000000, eps 0.594603
Step 1507 (226729) @ Episode 208/10000, loss: 67.85807800292969, reward -17.000000, eps 0.591889
Step 1656 (228386) @ Episode 209/10000, loss: 67.29301452636719, reward -16.000000, eps 0.588906
Step 1806 (230193) @ Episode 210/10000, loss: 67.7096176147461, reward -14.000000, eps 0.585654
Step 1071 (231265) @ Episode 211/10000, loss: 68.02559661865234, reward -20.000000, eps 0.583724
Step 1501 (232767) @ Episode 212/10000, loss: 67.34749603271484, reward -16.000000, eps 0.581020
Step 1661 (234429) @ Episode 213/10000, loss: 68.284423828125, reward -19.000000, eps 0.578029
Step 1437 (235867) @ Episode 214/10000, loss: 66.5824966430664, reward -19.000000, eps 0.575440
Step 1918 (237786) @ Episode 215/10000, loss: 67.21219635009766, reward -12.000000, eps 0.571986
Step 1842 (239629) @ Episode 216/10000, loss: 67.4295883178711, reward -13.000000, eps 0.568669
Step 1548 (241178) @ Episode 217/10000, loss: 67.5543212890625, reward -16.000000, eps 0.565881
Step 1230 (242409) @ Episode 218/10000, loss: 68.33892822265625, reward -19.000000, eps 0.563665
Step 1731 (244141) @ Episode 219/10000, loss: 68.23751068115234, reward -15.000000, eps 0.560547
Step 1628 (245770) @ Episode 220/10000, loss: 68.66453552246094, reward -15.000000, eps 0.557615
Step 1390 (247161) @ Episode 221/10000, loss: 68.18145751953125, reward -18.000000, eps 0.555111
Step 1324 (248486) @ Episode 222/10000, loss: 68.99678039550781, reward -18.000000, eps 0.552726
Step 1349 (249836) @ Episode 223/10000, loss: 67.69509887695312, reward -17.000000, eps 0.550296
Step 1726 (251563) @ Episode 224/10000, loss: 68.36554718017578, reward -15.000000, eps 0.547187
Step 1872 (253436) @ Episode 225/10000, loss: 69.06668853759766, reward -15.000000, eps 0.543816
Step 1248 (254685) @ Episode 226/10000, loss: 68.98444366455078, reward -18.000000, eps 0.541568
Step 1379 (256065) @ Episode 227/10000, loss: 68.22380828857422, reward -17.000000, eps 0.539084
Step 2101 (258167) @ Episode 228/10000, loss: 68.31204986572266, reward -13.000000, eps 0.535300
Step 1806 (259974) @ Episode 229/10000, loss: 67.18672943115234, reward -13.000000, eps 0.532048
Step 1591 (261566) @ Episode 230/10000, loss: 67.80162811279297, reward -16.000000, eps 0.529182
Step 1224 (262791) @ Episode 231/10000, loss: 68.2968978881836, reward -19.000000, eps 0.526977
Step 1525 (264317) @ Episode 232/10000, loss: 68.15110778808594, reward -15.000000, eps 0.524230
Step 1623 (265941) @ Episode 233/10000, loss: 68.40254211425781, reward -17.000000, eps 0.521307
Step 1593 (267535) @ Episode 234/10000, loss: 67.76457977294922, reward -18.000000, eps 0.518438
Step 2032 (269568) @ Episode 235/10000, loss: 68.53655242919922, reward -13.000000, eps 0.514778
Step 1744 (271313) @ Episode 236/10000, loss: 69.09761047363281, reward -15.000000, eps 0.511637
Step 1727 (273041) @ Episode 237/10000, loss: 69.42401123046875, reward -14.000000, eps 0.508527
Step 2107 (275149) @ Episode 238/10000, loss: 68.71216583251953, reward -12.000000, eps 0.504733
Step 2009 (277159) @ Episode 239/10000, loss: 68.84794616699219, reward -13.000000, eps 0.501115
Step 1699 (278859) @ Episode 240/10000, loss: 68.62406158447266, reward -17.000000, eps 0.498055
Step 2214 (281074) @ Episode 241/10000, loss: 68.80699157714844, reward -11.000000, eps 0.494068
Step 1949 (283024) @ Episode 242/10000, loss: 68.94046783447266, reward -14.000000, eps 0.490558
Step 2700 (285725) @ Episode 243/10000, loss: 68.7763900756836, reward -11.000000, eps 0.485696
Step 2279 (288005) @ Episode 244/10000, loss: 69.40910339355469, reward -14.000000, eps 0.481592
Step 1998 (290004) @ Episode 245/10000, loss: 68.2870101928711, reward -14.000000, eps 0.477994
Step 2135 (292140) @ Episode 246/10000, loss: 68.88973236083984, reward -12.000000, eps 0.474149
Step 1449 (293590) @ Episode 247/10000, loss: 69.12223052978516, reward -17.000000, eps 0.471539
Step 2543 (296134) @ Episode 248/10000, loss: 69.2249755859375, reward -6.000000, eps 0.466960
Step 1674 (297809) @ Episode 249/10000, loss: 69.11542510986328, reward -16.000000, eps 0.463945
Step 2077 (299887) @ Episode 250/10000, loss: 68.43181610107422, reward -14.000000, eps 0.460204
Step 2856 (302744) @ Episode 251/10000, loss: 68.67611694335938, reward -7.000000, eps 0.455062
Step 2411 (305156) @ Episode 252/10000, loss: 68.40144348144531, reward -8.000000, eps 0.450720
Step 1460 (306617) @ Episode 253/10000, loss: 69.1676254272461, reward -17.000000, eps 0.448090
Step 1931 (308549) @ Episode 254/10000, loss: 67.56314849853516, reward -15.000000, eps 0.444612
Step 2299 (310849) @ Episode 255/10000, loss: 67.9809341430664, reward -12.000000, eps 0.440472
Step 2410 (313260) @ Episode 256/10000, loss: 67.97647857666016, reward -9.000000, eps 0.436133
Step 2240 (315501) @ Episode 257/10000, loss: 68.1328125, reward -13.000000, eps 0.432099
Step 2283 (317785) @ Episode 258/10000, loss: 69.5110092163086, reward -14.000000, eps 0.427988
Step 2502 (320288) @ Episode 259/10000, loss: 68.9950942993164, reward -12.000000, eps 0.423482
Step 3071 (323360) @ Episode 260/10000, loss: 68.66130065917969, reward -4.000000, eps 0.417953
Step 2573 (325934) @ Episode 261/10000, loss: 68.93782806396484, reward -8.000000, eps 0.413319
Step 2111 (328046) @ Episode 262/10000, loss: 69.25004577636719, reward -15.000000, eps 0.409518
Step 2757 (330804) @ Episode 263/10000, loss: 69.61803436279297, reward -13.000000, eps 0.404553
Step 2316 (333121) @ Episode 264/10000, loss: 68.92062377929688, reward -12.000000, eps 0.400383
Step 2991 (336113) @ Episode 265/10000, loss: 68.8462142944336, reward -3.000000, eps 0.394997
Step 2855 (338969) @ Episode 266/10000, loss: 69.11820983886719, reward -9.000000, eps 0.389856
Step 2232 (341202) @ Episode 267/10000, loss: 69.17388153076172, reward -13.000000, eps 0.385837
Step 2420 (343623) @ Episode 268/10000, loss: 68.72576904296875, reward -12.000000, eps 0.381479
Step 2767 (346391) @ Episode 269/10000, loss: 68.50337219238281, reward -8.000000, eps 0.376497
Step 2090 (348482) @ Episode 270/10000, loss: 68.82566833496094, reward -11.000000, eps 0.372733
Step 2234 (350717) @ Episode 271/10000, loss: 69.13511657714844, reward -13.000000, eps 0.368710
Step 2339 (353057) @ Episode 272/10000, loss: 68.35682678222656, reward -9.000000, eps 0.364498
Step 2178 (355236) @ Episode 273/10000, loss: 68.9921875, reward -12.000000, eps 0.360576
Step 2096 (357333) @ Episode 274/10000, loss: 68.53273010253906, reward -13.000000, eps 0.356801
Step 2992 (360326) @ Episode 275/10000, loss: 69.1410903930664, reward -7.000000, eps 0.351414
Step 1823 (362150) @ Episode 276/10000, loss: 68.86357116699219, reward -15.000000, eps 0.348130
Step 2981 (365132) @ Episode 277/10000, loss: 68.65324401855469, reward -6.000000, eps 0.342763
Step 3333 (368466) @ Episode 278/10000, loss: 68.88118743896484, reward -2.000000, eps 0.336762
Step 2178 (370645) @ Episode 279/10000, loss: 69.03679656982422, reward -11.000000, eps 0.332839
Step 2617 (373263) @ Episode 280/10000, loss: 68.58869171142578, reward -9.000000, eps 0.328127
Step 2404 (375668) @ Episode 281/10000, loss: 69.24427032470703, reward -11.000000, eps 0.323798
Step 2236 (377905) @ Episode 282/10000, loss: 69.16716766357422, reward -9.000000, eps 0.319771
Step 2383 (380289) @ Episode 283/10000, loss: 68.82168579101562, reward -8.000000, eps 0.315480
Step 2750 (383040) @ Episode 284/10000, loss: 68.86395263671875, reward -8.000000, eps 0.310528
Step 1876 (384917) @ Episode 285/10000, loss: 68.341552734375, reward -14.000000, eps 0.307150
Step 2423 (387341) @ Episode 286/10000, loss: 68.38032531738281, reward -11.000000, eps 0.302787
Step 3001 (390343) @ Episode 287/10000, loss: 68.57209777832031, reward -7.000000, eps 0.297383
Step 1840 (392184) @ Episode 288/10000, loss: 68.28028106689453, reward -13.000000, eps 0.294069
Step 2866 (395051) @ Episode 289/10000, loss: 69.09111022949219, reward -4.000000, eps 0.288909
Step 2952 (398004) @ Episode 290/10000, loss: 68.61638641357422, reward -6.000000, eps 0.283593
Step 3439 (401444) @ Episode 291/10000, loss: 68.90386199951172, reward 1.000000, eps 0.277401
Step 3166 (404611) @ Episode 292/10000, loss: 68.94536590576172, reward 6.000000, eps 0.271701
Step 3705 (408317) @ Episode 293/10000, loss: 68.7845458984375, reward -2.000000, eps 0.265030
Step 2785 (411103) @ Episode 294/10000, loss: 69.30685424804688, reward -4.000000, eps 0.260015
Step 3440 (414544) @ Episode 295/10000, loss: 68.74964904785156, reward -1.000000, eps 0.253821
Step 3414 (417959) @ Episode 296/10000, loss: 68.90100860595703, reward -3.000000, eps 0.247674
Step 3324 (421284) @ Episode 297/10000, loss: 68.54743194580078, reward -8.000000, eps 0.241689
Step 2579 (423864) @ Episode 298/10000, loss: 68.74381256103516, reward 8.000000, eps 0.237045
Step 3255 (427120) @ Episode 299/10000, loss: 69.36762237548828, reward 6.000000, eps 0.231184
Step 2613 (429734) @ Episode 300/10000, loss: 68.19715118408203, reward -4.000000, eps 0.226479
Step 2846 (432581) @ Episode 301/10000, loss: 68.97808837890625, reward 6.000000, eps 0.221354
Step 2633 (435215) @ Episode 302/10000, loss: 68.46028900146484, reward -6.000000, eps 0.216613
Step 3285 (438501) @ Episode 303/10000, loss: 68.64225006103516, reward 4.000000, eps 0.210698
Step 3371 (441873) @ Episode 304/10000, loss: 68.6889877319336, reward 6.000000, eps 0.204629
Step 3271 (445145) @ Episode 305/10000, loss: 68.56942749023438, reward 7.000000, eps 0.198739
Step 3205 (448351) @ Episode 306/10000, loss: 68.97052764892578, reward -4.000000, eps 0.192968
Step 2351 (450703) @ Episode 307/10000, loss: 69.122802734375, reward -8.000000, eps 0.188735
Step 2465 (453169) @ Episode 308/10000, loss: 69.0341796875, reward -8.000000, eps 0.184296
Step 2979 (456149) @ Episode 309/10000, loss: 69.35169219970703, reward 12.000000, eps 0.178932
Step 2917 (459067) @ Episode 310/10000, loss: 68.6595687866211, reward 8.000000, eps 0.173680
Step 3261 (462329) @ Episode 311/10000, loss: 68.70655822753906, reward 3.000000, eps 0.167808
Step 3161 (465491) @ Episode 312/10000, loss: 68.3236312866211, reward -3.000000, eps 0.162116
Step 2864 (468356) @ Episode 313/10000, loss: 68.814453125, reward 10.000000, eps 0.156959
Step 2675 (471032) @ Episode 314/10000, loss: 68.46813201904297, reward 8.000000, eps 0.152143
Step 2442 (473475) @ Episode 315/10000, loss: 68.8921127319336, reward 10.000000, eps 0.147745
Step 2332 (475808) @ Episode 316/10000, loss: 68.75745391845703, reward 12.000000, eps 0.143546
Step 2671 (478480) @ Episode 317/10000, loss: 68.46923065185547, reward 6.000000, eps 0.138736
Step 2735 (481216) @ Episode 318/10000, loss: 69.24919891357422, reward 7.000000, eps 0.133811
Step 2511 (483728) @ Episode 319/10000, loss: 68.64940643310547, reward 12.000000, eps 0.129290
Step 3361 (487090) @ Episode 320/10000, loss: 68.50505065917969, reward 2.000000, eps 0.123238
Step 2872 (489963) @ Episode 321/10000, loss: 68.58634185791016, reward 8.000000, eps 0.118067
Step 2558 (492522) @ Episode 322/10000, loss: 68.00284576416016, reward 11.000000, eps 0.113460
Step 2089 (494612) @ Episode 323/10000, loss: 67.56635284423828, reward 17.000000, eps 0.109698
Step 2263 (496876) @ Episode 324/10000, loss: 68.20867156982422, reward 14.000000, eps 0.105623
Step 2699 (499576) @ Episode 325/10000, loss: 68.37810516357422, reward 11.000000, eps 0.100763
Step 2384 (501961) @ Episode 326/10000, loss: 67.6863021850586, reward 12.000000, eps 0.100000
Step 2825 (504787) @ Episode 327/10000, loss: 67.77217102050781, reward 12.000000, eps 0.100000
Step 2053 (506841) @ Episode 328/10000, loss: 67.83891296386719, reward 19.000000, eps 0.100000
Step 2887 (509729) @ Episode 329/10000, loss: 67.90811157226562, reward 13.000000, eps 0.100000
Step 2179 (511909) @ Episode 330/10000, loss: 67.98950958251953, reward 18.000000, eps 0.100000
Step 2710 (514620) @ Episode 331/10000, loss: 67.74303436279297, reward 12.000000, eps 0.100000
Step 2586 (517207) @ Episode 332/10000, loss: 68.54133605957031, reward 14.000000, eps 0.100000
Step 2833 (520041) @ Episode 333/10000, loss: 67.98341369628906, reward 11.000000, eps 0.100000
Step 2802 (522844) @ Episode 334/10000, loss: 67.77289581298828, reward 12.000000, eps 0.100000
Step 3219 (526064) @ Episode 335/10000, loss: 67.28330993652344, reward 10.000000, eps 0.100000
Step 2305 (528370) @ Episode 336/10000, loss: 67.63346099853516, reward 16.000000, eps 0.100000
Step 2930 (531301) @ Episode 337/10000, loss: 67.4412841796875, reward 9.000000, eps 0.100000
Step 2835 (534137) @ Episode 338/10000, loss: 67.99211883544922, reward 9.000000, eps 0.100000
Step 2703 (536841) @ Episode 339/10000, loss: 67.48699951171875, reward 10.000000, eps 0.100000
Step 2138 (538980) @ Episode 340/10000, loss: 67.70863342285156, reward 14.000000, eps 0.100000
Step 2563 (541544) @ Episode 341/10000, loss: 68.0194320678711, reward 14.000000, eps 0.100000
Step 2248 (543793) @ Episode 342/10000, loss: 67.34614562988281, reward 11.000000, eps 0.100000
Step 2363 (546157) @ Episode 343/10000, loss: 67.44134521484375, reward 15.000000, eps 0.100000
Step 2476 (548634) @ Episode 344/10000, loss: 67.30316925048828, reward 14.000000, eps 0.100000
Step 1984 (550619) @ Episode 345/10000, loss: 67.267822265625, reward 15.000000, eps 0.100000
Step 2573 (553193) @ Episode 346/10000, loss: 67.43121337890625, reward 12.000000, eps 0.100000
Step 2331 (555525) @ Episode 347/10000, loss: 67.50089263916016, reward 10.000000, eps 0.100000
Step 2864 (558390) @ Episode 348/10000, loss: 67.37774658203125, reward 6.000000, eps 0.100000
Step 1722 (560113) @ Episode 349/10000, loss: 67.56620025634766, reward 19.000000, eps 0.100000
Step 2194 (562308) @ Episode 350/10000, loss: 67.16822052001953, reward 16.000000, eps 0.100000
Step 2385 (564694) @ Episode 351/10000, loss: 66.98234558105469, reward 11.000000, eps 0.100000
Step 2006 (566701) @ Episode 352/10000, loss: 66.95220184326172, reward 17.000000, eps 0.100000
Step 2057 (568759) @ Episode 353/10000, loss: 66.8780517578125, reward 18.000000, eps 0.100000
Step 1895 (570655) @ Episode 354/10000, loss: 66.98094177246094, reward 18.000000, eps 0.100000
Step 2291 (572947) @ Episode 355/10000, loss: 66.55158996582031, reward 15.000000, eps 0.100000
Step 2564 (575512) @ Episode 356/10000, loss: 66.81868743896484, reward 11.000000, eps 0.100000
Step 2086 (577599) @ Episode 357/10000, loss: 67.04226684570312, reward 18.000000, eps 0.100000
Step 1892 (579492) @ Episode 358/10000, loss: 66.82810974121094, reward 20.000000, eps 0.100000
Step 2122 (581615) @ Episode 359/10000, loss: 66.50433349609375, reward 16.000000, eps 0.100000
Step 2071 (583687) @ Episode 360/10000, loss: 66.67314910888672, reward 16.000000, eps 0.100000
Step 2537 (586225) @ Episode 361/10000, loss: 66.7882308959961, reward 14.000000, eps 0.100000
Step 2225 (588451) @ Episode 362/10000, loss: 66.49951171875, reward 14.000000, eps 0.100000
Step 2296 (590748) @ Episode 363/10000, loss: 66.65292358398438, reward 14.000000, eps 0.100000
Step 1850 (592599) @ Episode 364/10000, loss: 66.7298355102539, reward 20.000000, eps 0.100000
Step 2121 (594721) @ Episode 365/10000, loss: 66.4048080444336, reward 15.000000, eps 0.100000
Step 2024 (596746) @ Episode 366/10000, loss: 66.70850372314453, reward 18.000000, eps 0.100000
Step 2213 (598960) @ Episode 367/10000, loss: 66.56480407714844, reward 16.000000, eps 0.100000
Step 1919 (600880) @ Episode 368/10000, loss: 66.50543212890625, reward 18.000000, eps 0.100000
Step 2493 (603374) @ Episode 369/10000, loss: 66.33948516845703, reward 14.000000, eps 0.100000
Step 2427 (605802) @ Episode 370/10000, loss: 66.26276397705078, reward 13.000000, eps 0.100000
Step 2674 (608477) @ Episode 371/10000, loss: 66.00279998779297, reward 13.000000, eps 0.100000
Step 2062 (610540) @ Episode 372/10000, loss: 66.40475463867188, reward 16.000000, eps 0.100000
Step 2083 (612624) @ Episode 373/10000, loss: 66.08560943603516, reward 18.000000, eps 0.100000
Step 2110 (614735) @ Episode 374/10000, loss: 65.91035461425781, reward 18.000000, eps 0.100000
Step 2119 (616855) @ Episode 375/10000, loss: 65.63941955566406, reward 17.000000, eps 0.100000
Step 1991 (618847) @ Episode 376/10000, loss: 66.00963592529297, reward 19.000000, eps 0.100000
Step 2893 (621741) @ Episode 377/10000, loss: 65.7771987915039, reward 14.000000, eps 0.100000
Step 2114 (623856) @ Episode 378/10000, loss: 65.91670989990234, reward 17.000000, eps 0.100000
Step 2330 (626187) @ Episode 379/10000, loss: 65.7191390991211, reward 16.000000, eps 0.100000
Step 1879 (628067) @ Episode 380/10000, loss: 65.41423034667969, reward 19.000000, eps 0.100000
Step 2559 (630627) @ Episode 381/10000, loss: 65.44288635253906, reward 16.000000, eps 0.100000
Step 2389 (633017) @ Episode 382/10000, loss: 65.54200744628906, reward 17.000000, eps 0.100000
Step 2400 (635418) @ Episode 383/10000, loss: 65.71021270751953, reward 15.000000, eps 0.100000
Step 2092 (637511) @ Episode 384/10000, loss: 66.06819915771484, reward 17.000000, eps 0.100000
Step 1763 (639275) @ Episode 385/10000, loss: 65.90780639648438, reward 20.000000, eps 0.100000
Step 2100 (641376) @ Episode 386/10000, loss: 65.54361724853516, reward 16.000000, eps 0.100000
Step 1959 (643336) @ Episode 387/10000, loss: 65.37406158447266, reward 18.000000, eps 0.100000
Step 1998 (645335) @ Episode 388/10000, loss: 65.80925750732422, reward 18.000000, eps 0.100000
Step 2289 (647625) @ Episode 389/10000, loss: 65.45529174804688, reward 15.000000, eps 0.100000
Step 2555 (650181) @ Episode 390/10000, loss: 65.48799133300781, reward 12.000000, eps 0.100000
Step 2303 (652485) @ Episode 391/10000, loss: 65.32933807373047, reward 18.000000, eps 0.100000
Step 2747 (655233) @ Episode 392/10000, loss: 65.35746765136719, reward 13.000000, eps 0.100000
Step 2381 (657615) @ Episode 393/10000, loss: 65.50834655761719, reward 16.000000, eps 0.100000
Step 2305 (659921) @ Episode 394/10000, loss: 65.28160095214844, reward 17.000000, eps 0.100000
Step 2643 (662565) @ Episode 395/10000, loss: 65.185302734375, reward 16.000000, eps 0.100000
Step 3256 (665822) @ Episode 396/10000, loss: 65.0832748413086, reward 3.000000, eps 0.100000
Step 3083 (668906) @ Episode 397/10000, loss: 64.90200805664062, reward 11.000000, eps 0.100000
Step 1847 (670754) @ Episode 398/10000, loss: 64.91297912597656, reward 18.000000, eps 0.100000
Step 2199 (672954) @ Episode 399/10000, loss: 65.08052825927734, reward 16.000000, eps 0.100000
Step 2327 (675282) @ Episode 400/10000, loss: 64.95563507080078, reward 15.000000, eps 0.100000
Step 2173 (677456) @ Episode 401/10000, loss: 65.19869995117188, reward 16.000000, eps 0.100000
Step 1858 (679315) @ Episode 402/10000, loss: 65.19430541992188, reward 18.000000, eps 0.100000
Step 2356 (681672) @ Episode 403/10000, loss: 64.66444396972656, reward 14.000000, eps 0.100000
Step 2163 (683836) @ Episode 404/10000, loss: 64.82711029052734, reward 18.000000, eps 0.100000
Step 2196 (686033) @ Episode 405/10000, loss: 64.63199615478516, reward 17.000000, eps 0.100000
Step 2195 (688229) @ Episode 406/10000, loss: 64.84773254394531, reward 15.000000, eps 0.100000
Step 2432 (690662) @ Episode 407/10000, loss: 64.7577133178711, reward 15.000000, eps 0.100000
Step 1994 (692657) @ Episode 408/10000, loss: 64.54115295410156, reward 18.000000, eps 0.100000
Step 2172 (694830) @ Episode 409/10000, loss: 64.55208587646484, reward 18.000000, eps 0.100000
Step 2375 (697206) @ Episode 410/10000, loss: 64.67399597167969, reward 13.000000, eps 0.100000
Step 2075 (699282) @ Episode 411/10000, loss: 64.7673568725586, reward 17.000000, eps 0.100000
Step 2500 (701783) @ Episode 412/10000, loss: 64.70513916015625, reward 14.000000, eps 0.100000
Step 1833 (703617) @ Episode 413/10000, loss: 64.39012145996094, reward 21.000000, eps 0.100000
Step 1936 (705554) @ Episode 414/10000, loss: 64.32955169677734, reward 19.000000, eps 0.100000
Step 1961 (707516) @ Episode 415/10000, loss: 64.2945327758789, reward 20.000000, eps 0.100000
Step 2310 (709827) @ Episode 416/10000, loss: 64.31885528564453, reward 14.000000, eps 0.100000
Step 2330 (712158) @ Episode 417/10000, loss: 64.1102523803711, reward 17.000000, eps 0.100000
Step 2469 (714628) @ Episode 418/10000, loss: 64.16629791259766, reward 13.000000, eps 0.100000
Step 2151 (716780) @ Episode 419/10000, loss: 64.40038299560547, reward 17.000000, eps 0.100000
Step 1803 (718584) @ Episode 420/10000, loss: 64.23198699951172, reward 18.000000, eps 0.100000
Step 1997 (720582) @ Episode 421/10000, loss: 64.10381317138672, reward 19.000000, eps 0.100000
Step 1944 (722527) @ Episode 422/10000, loss: 63.983001708984375, reward 19.000000, eps 0.100000
Step 2052 (724580) @ Episode 423/10000, loss: 64.08293914794922, reward 18.000000, eps 0.100000
Step 2686 (727267) @ Episode 424/10000, loss: 64.16229248046875, reward 12.000000, eps 0.100000
Step 2438 (729706) @ Episode 425/10000, loss: 64.02696228027344, reward 15.000000, eps 0.100000
Step 2487 (732194) @ Episode 426/10000, loss: 63.774681091308594, reward 11.000000, eps 0.100000
Step 2387 (734582) @ Episode 427/10000, loss: 63.93243408203125, reward 17.000000, eps 0.100000
Step 2486 (737069) @ Episode 428/10000, loss: 63.76255416870117, reward 14.000000, eps 0.100000
Step 2053 (739123) @ Episode 429/10000, loss: 63.60593795776367, reward 16.000000, eps 0.100000
Step 2262 (741386) @ Episode 430/10000, loss: 63.87877655029297, reward 15.000000, eps 0.100000
Step 2672 (744059) @ Episode 431/10000, loss: 63.619014739990234, reward 15.000000, eps 0.100000
Step 2016 (746076) @ Episode 432/10000, loss: 63.94805908203125, reward 19.000000, eps 0.100000
Step 2654 (748731) @ Episode 433/10000, loss: 63.96224594116211, reward 10.000000, eps 0.100000
Step 1819 (750551) @ Episode 434/10000, loss: 63.87767791748047, reward 20.000000, eps 0.100000
Step 2185 (752737) @ Episode 435/10000, loss: 63.69348907470703, reward 19.000000, eps 0.100000
Step 2132 (754870) @ Episode 436/10000, loss: 63.76282501220703, reward 15.000000, eps 0.100000
Step 2135 (757006) @ Episode 437/10000, loss: 63.54436492919922, reward 18.000000, eps 0.100000
Step 2497 (759504) @ Episode 438/10000, loss: 63.333717346191406, reward 13.000000, eps 0.100000
Step 1760 (761265) @ Episode 439/10000, loss: 63.22876739501953, reward 20.000000, eps 0.100000
Step 1856 (763122) @ Episode 440/10000, loss: 63.49054718017578, reward 20.000000, eps 0.100000
Step 2386 (765509) @ Episode 441/10000, loss: 63.48965835571289, reward 14.000000, eps 0.100000
Step 2096 (767606) @ Episode 442/10000, loss: 63.50214767456055, reward 18.000000, eps 0.100000
Step 2048 (769655) @ Episode 443/10000, loss: 63.437049865722656, reward 18.000000, eps 0.100000
Step 1729 (771385) @ Episode 444/10000, loss: 63.093505859375, reward 20.000000, eps 0.100000
Step 2274 (773660) @ Episode 445/10000, loss: 63.13082504272461, reward 14.000000, eps 0.100000
Step 2242 (775903) @ Episode 446/10000, loss: 63.17110824584961, reward 17.000000, eps 0.100000
Step 2281 (778185) @ Episode 447/10000, loss: 63.151554107666016, reward 13.000000, eps 0.100000
Step 1894 (780080) @ Episode 448/10000, loss: 63.177330017089844, reward 18.000000, eps 0.100000
Step 2181 (782262) @ Episode 449/10000, loss: 63.405921936035156, reward 17.000000, eps 0.100000
Step 2443 (784706) @ Episode 450/10000, loss: 63.19517135620117, reward 15.000000, eps 0.100000
Step 1755 (786462) @ Episode 451/10000, loss: 63.081878662109375, reward 21.000000, eps 0.100000
Step 1921 (788384) @ Episode 452/10000, loss: 63.11506271362305, reward 16.000000, eps 0.100000
Step 1837 (790222) @ Episode 453/10000, loss: 63.1998176574707, reward 20.000000, eps 0.100000
Step 2435 (792658) @ Episode 454/10000, loss: 62.95497131347656, reward 14.000000, eps 0.100000
Step 2263 (794922) @ Episode 455/10000, loss: 63.252525329589844, reward 14.000000, eps 0.100000
Step 2032 (796955) @ Episode 456/10000, loss: 63.18605422973633, reward 18.000000, eps 0.100000
Step 2288 (799244) @ Episode 457/10000, loss: 62.98250961303711, reward 14.000000, eps 0.100000
Step 2272 (801517) @ Episode 458/10000, loss: 63.05706787109375, reward 18.000000, eps 0.100000
Step 1967 (803485) @ Episode 459/10000, loss: 63.08522415161133, reward 18.000000, eps 0.100000
Step 2301 (805787) @ Episode 460/10000, loss: 62.806968688964844, reward 15.000000, eps 0.100000
Step 2310 (808098) @ Episode 461/10000, loss: 62.961448669433594, reward 13.000000, eps 0.100000
Step 2744 (810843) @ Episode 462/10000, loss: 62.65816116333008, reward 12.000000, eps 0.100000
Step 2072 (812916) @ Episode 463/10000, loss: 62.740989685058594, reward 16.000000, eps 0.100000
Step 1855 (814772) @ Episode 464/10000, loss: 62.30551528930664, reward 20.000000, eps 0.100000
Step 1828 (816601) @ Episode 465/10000, loss: 62.93113708496094, reward 19.000000, eps 0.100000
Step 2180 (818782) @ Episode 466/10000, loss: 62.74456787109375, reward 18.000000, eps 0.100000
Step 2324 (821107) @ Episode 467/10000, loss: 62.766849517822266, reward 14.000000, eps 0.100000
Step 2262 (823370) @ Episode 468/10000, loss: 62.643165588378906, reward 16.000000, eps 0.100000
Step 1973 (825344) @ Episode 469/10000, loss: 62.11200714111328, reward 18.000000, eps 0.100000
Step 1927 (827272) @ Episode 470/10000, loss: 62.18254470825195, reward 17.000000, eps 0.100000
Step 2407 (829680) @ Episode 471/10000, loss: 62.47910690307617, reward 16.000000, eps 0.100000
Step 2275 (831956) @ Episode 472/10000, loss: 62.39556884765625, reward 16.000000, eps 0.100000
Step 1852 (833809) @ Episode 473/10000, loss: 62.43281555175781, reward 20.000000, eps 0.100000
Step 2097 (835907) @ Episode 474/10000, loss: 62.31462860107422, reward 14.000000, eps 0.100000
Step 2274 (838182) @ Episode 475/10000, loss: 62.69609832763672, reward 18.000000, eps 0.100000
Step 1932 (840115) @ Episode 476/10000, loss: 62.434051513671875, reward 19.000000, eps 0.100000
Step 2064 (842180) @ Episode 477/10000, loss: 62.392372131347656, reward 18.000000, eps 0.100000
Step 2372 (844553) @ Episode 478/10000, loss: 62.29526901245117, reward 13.000000, eps 0.100000
Step 2098 (846652) @ Episode 479/10000, loss: 62.48207473754883, reward 17.000000, eps 0.100000
Step 2702 (849355) @ Episode 480/10000, loss: 62.33894729614258, reward 12.000000, eps 0.100000
Step 1868 (851224) @ Episode 481/10000, loss: 62.16350555419922, reward 20.000000, eps 0.100000
Step 2051 (853276) @ Episode 482/10000, loss: 62.25001907348633, reward 16.000000, eps 0.100000
Step 2144 (855421) @ Episode 483/10000, loss: 62.235721588134766, reward 18.000000, eps 0.100000
Step 2412 (857834) @ Episode 484/10000, loss: 62.13114547729492, reward 14.000000, eps 0.100000
Step 2204 (860039) @ Episode 485/10000, loss: 62.00768280029297, reward 17.000000, eps 0.100000
Step 2071 (862111) @ Episode 486/10000, loss: 62.28147506713867, reward 17.000000, eps 0.100000
Step 1841 (863953) @ Episode 487/10000, loss: 62.15663146972656, reward 19.000000, eps 0.100000
Step 2268 (866222) @ Episode 488/10000, loss: 61.9274787902832, reward 16.000000, eps 0.100000
Step 1884 (868107) @ Episode 489/10000, loss: 61.774208068847656, reward 17.000000, eps 0.100000
Step 1846 (869954) @ Episode 490/10000, loss: 61.80412673950195, reward 18.000000, eps 0.100000
Step 1795 (871750) @ Episode 491/10000, loss: 62.06165313720703, reward 19.000000, eps 0.100000
Step 2549 (874300) @ Episode 492/10000, loss: 61.97771453857422, reward 17.000000, eps 0.100000
Step 2003 (876304) @ Episode 493/10000, loss: 61.905601501464844, reward 19.000000, eps 0.100000
Step 2147 (878452) @ Episode 494/10000, loss: 61.666839599609375, reward 16.000000, eps 0.100000
Step 2378 (880831) @ Episode 495/10000, loss: 61.71017074584961, reward 12.000000, eps 0.100000
Step 1982 (882814) @ Episode 496/10000, loss: 62.110286712646484, reward 15.000000, eps 0.100000
Step 2127 (884942) @ Episode 497/10000, loss: 61.7427978515625, reward 16.000000, eps 0.100000
Step 1818 (886761) @ Episode 498/10000, loss: 61.866973876953125, reward 20.000000, eps 0.100000
Step 1733 (888495) @ Episode 499/10000, loss: 61.75160217285156, reward 19.000000, eps 0.100000
Step 2426 (890922) @ Episode 500/10000, loss: 61.697601318359375, reward 15.000000, eps 0.100000
Step 1764 (892687) @ Episode 501/10000, loss: 61.55048370361328, reward 20.000000, eps 0.100000
Step 1760 (894448) @ Episode 502/10000, loss: 61.709388732910156, reward 19.000000, eps 0.100000
Step 2178 (896627) @ Episode 503/10000, loss: 61.660221099853516, reward 16.000000, eps 0.100000
Step 2434 (899062) @ Episode 504/10000, loss: 61.53788375854492, reward 14.000000, eps 0.100000
Step 2136 (901199) @ Episode 505/10000, loss: 61.45145034790039, reward 16.000000, eps 0.100000
Step 2115 (903315) @ Episode 506/10000, loss: 61.49787902832031, reward 18.000000, eps 0.100000
Step 2107 (905423) @ Episode 507/10000, loss: 61.4777946472168, reward 17.000000, eps 0.100000
Step 1930 (907354) @ Episode 508/10000, loss: 61.446075439453125, reward 20.000000, eps 0.100000
Step 2209 (909564) @ Episode 509/10000, loss: 61.29082107543945, reward 15.000000, eps 0.100000
Step 2401 (911966) @ Episode 510/10000, loss: 61.23713302612305, reward 15.000000, eps 0.100000
Step 2120 (914087) @ Episode 511/10000, loss: 61.5080680847168, reward 16.000000, eps 0.100000
Step 2065 (916153) @ Episode 512/10000, loss: 61.13556671142578, reward 17.000000, eps 0.100000
Step 1860 (918014) @ Episode 513/10000, loss: 61.150150299072266, reward 18.000000, eps 0.100000
Step 2308 (920323) @ Episode 514/10000, loss: 61.19200134277344, reward 14.000000, eps 0.100000
Step 2149 (922473) @ Episode 515/10000, loss: 61.395713806152344, reward 17.000000, eps 0.100000
Step 2169 (924643) @ Episode 516/10000, loss: 61.25959014892578, reward 18.000000, eps 0.100000
Step 1803 (926447) @ Episode 517/10000, loss: 61.00769805908203, reward 19.000000, eps 0.100000
Step 1814 (928262) @ Episode 518/10000, loss: 61.011680603027344, reward 19.000000, eps 0.100000
Step 2183 (930446) @ Episode 519/10000, loss: 61.27599334716797, reward 17.000000, eps 0.100000
Step 1896 (932343) @ Episode 520/10000, loss: 60.99033737182617, reward 17.000000, eps 0.100000
Step 1785 (934129) @ Episode 521/10000, loss: 61.124229431152344, reward 19.000000, eps 0.100000
Step 1808 (935938) @ Episode 522/10000, loss: 61.0861930847168, reward 20.000000, eps 0.100000
Step 2132 (938071) @ Episode 523/10000, loss: 61.1341552734375, reward 13.000000, eps 0.100000
Step 2359 (940431) @ Episode 524/10000, loss: 60.94660186767578, reward 11.000000, eps 0.100000
Step 1914 (942346) @ Episode 525/10000, loss: 61.05669021606445, reward 18.000000, eps 0.100000
Step 2191 (944538) @ Episode 526/10000, loss: 60.79515075683594, reward 14.000000, eps 0.100000
Step 1977 (946516) @ Episode 527/10000, loss: 60.719825744628906, reward 20.000000, eps 0.100000
Step 2054 (948571) @ Episode 528/10000, loss: 60.90329360961914, reward 16.000000, eps 0.100000
Step 2064 (950636) @ Episode 529/10000, loss: 61.14735794067383, reward 15.000000, eps 0.100000
Step 1773 (952410) @ Episode 530/10000, loss: 60.71427536010742, reward 20.000000, eps 0.100000
Step 2147 (954558) @ Episode 531/10000, loss: 60.67660140991211, reward 17.000000, eps 0.100000
Step 2325 (956884) @ Episode 532/10000, loss: 60.72225570678711, reward 15.000000, eps 0.100000
Step 1839 (958724) @ Episode 533/10000, loss: 60.789878845214844, reward 20.000000, eps 0.100000
Step 1946 (960671) @ Episode 534/10000, loss: 60.72649002075195, reward 18.000000, eps 0.100000
Step 1916 (962588) @ Episode 535/10000, loss: 60.83744430541992, reward 18.000000, eps 0.100000
Step 2150 (964739) @ Episode 536/10000, loss: 60.88877868652344, reward 15.000000, eps 0.100000
Step 2159 (966899) @ Episode 537/10000, loss: 60.87664794921875, reward 16.000000, eps 0.100000
Step 2297 (969197) @ Episode 538/10000, loss: 60.96597671508789, reward 15.000000, eps 0.100000
Step 2019 (971217) @ Episode 539/10000, loss: 60.9423713684082, reward 17.000000, eps 0.100000
Step 2104 (973322) @ Episode 540/10000, loss: 60.816959381103516, reward 19.000000, eps 0.100000
Step 1811 (975134) @ Episode 541/10000, loss: 60.79446029663086, reward 19.000000, eps 0.100000
Step 1999 (977134) @ Episode 542/10000, loss: 60.720149993896484, reward 18.000000, eps 0.100000
Step 2180 (979315) @ Episode 543/10000, loss: 60.70826721191406, reward 19.000000, eps 0.100000
Step 1887 (981203) @ Episode 544/10000, loss: 60.85380172729492, reward 21.000000, eps 0.100000
Step 1967 (983171) @ Episode 545/10000, loss: 60.545921325683594, reward 19.000000, eps 0.100000
Step 2090 (985262) @ Episode 546/10000, loss: 60.589229583740234, reward 16.000000, eps 0.100000
Step 1806 (987069) @ Episode 547/10000, loss: 60.24238586425781, reward 18.000000, eps 0.100000
Step 2441 (989511) @ Episode 548/10000, loss: 60.29515838623047, reward 14.000000, eps 0.100000
Step 2236 (991748) @ Episode 549/10000, loss: 60.34477615356445, reward 14.000000, eps 0.100000
Step 2266 (994015) @ Episode 550/10000, loss: 60.49946975708008, reward 18.000000, eps 0.100000
Step 2137 (996153) @ Episode 551/10000, loss: 60.41120529174805, reward 19.000000, eps 0.100000
Step 1695 (997849) @ Episode 552/10000, loss: 60.38365936279297, reward 21.000000, eps 0.100000
Step 1973 (999823) @ Episode 553/10000, loss: 60.51628112792969, reward 19.000000, eps 0.100000
Step 2104 (1001928) @ Episode 554/10000, loss: 60.5033073425293, reward 17.000000, eps 0.100000
Step 1890 (1003819) @ Episode 555/10000, loss: 60.41096115112305, reward 19.000000, eps 0.100000
Step 2503 (1006323) @ Episode 556/10000, loss: 60.44551086425781, reward 14.000000, eps 0.100000
Step 1897 (1008221) @ Episode 557/10000, loss: 60.30836486816406, reward 18.000000, eps 0.100000
Step 1911 (1010133) @ Episode 558/10000, loss: 60.32773208618164, reward 18.000000, eps 0.100000
Step 1889 (1012023) @ Episode 559/10000, loss: 60.369258880615234, reward 20.000000, eps 0.100000
Step 1806 (1013830) @ Episode 560/10000, loss: 60.574337005615234, reward 20.000000, eps 0.100000
Step 1866 (1015697) @ Episode 561/10000, loss: 60.65089416503906, reward 17.000000, eps 0.100000
Step 2313 (1018011) @ Episode 562/10000, loss: 60.65354919433594, reward 13.000000, eps 0.100000
Step 1904 (1019916) @ Episode 563/10000, loss: 60.48075485229492, reward 20.000000, eps 0.100000
Step 2048 (1021965) @ Episode 564/10000, loss: 60.25135803222656, reward 19.000000, eps 0.100000
Step 1859 (1023825) @ Episode 565/10000, loss: 60.33206558227539, reward 17.000000, eps 0.100000
Step 2147 (1025973) @ Episode 566/10000, loss: 60.43632888793945, reward 16.000000, eps 0.100000
Step 1870 (1027844) @ Episode 567/10000, loss: 60.44996643066406, reward 19.000000, eps 0.100000
Step 1991 (1029836) @ Episode 568/10000, loss: 60.39744186401367, reward 18.000000, eps 0.100000
Step 1727 (1031564) @ Episode 569/10000, loss: 60.06089782714844, reward 19.000000, eps 0.100000
Step 1995 (1033560) @ Episode 570/10000, loss: 60.328147888183594, reward 19.000000, eps 0.100000
Step 1967 (1035528) @ Episode 571/10000, loss: 60.4252815246582, reward 18.000000, eps 0.100000
Step 2031 (1037560) @ Episode 572/10000, loss: 60.37440490722656, reward 16.000000, eps 0.100000
Step 2139 (1039700) @ Episode 573/10000, loss: 59.971946716308594, reward 17.000000, eps 0.100000
Step 1876 (1041577) @ Episode 574/10000, loss: 60.01875686645508, reward 19.000000, eps 0.100000
Step 1729 (1043307) @ Episode 575/10000, loss: 60.02765655517578, reward 21.000000, eps 0.100000
Step 2192 (1045500) @ Episode 576/10000, loss: 60.13288116455078, reward 16.000000, eps 0.100000
Step 2024 (1047525) @ Episode 577/10000, loss: 60.31074142456055, reward 15.000000, eps 0.100000
Step 1876 (1049402) @ Episode 578/10000, loss: 60.205135345458984, reward 20.000000, eps 0.100000
Step 2023 (1051426) @ Episode 579/10000, loss: 60.125579833984375, reward 17.000000, eps 0.100000
Step 1869 (1053296) @ Episode 580/10000, loss: 60.41250991821289, reward 20.000000, eps 0.100000
Step 1932 (1055229) @ Episode 581/10000, loss: 60.002811431884766, reward 17.000000, eps 0.100000
Step 1965 (1057195) @ Episode 582/10000, loss: 60.031131744384766, reward 18.000000, eps 0.100000
Step 2377 (1059573) @ Episode 583/10000, loss: 60.197532653808594, reward 16.000000, eps 0.100000
Step 1944 (1061518) @ Episode 584/10000, loss: 59.85331344604492, reward 16.000000, eps 0.100000
Step 1926 (1063445) @ Episode 585/10000, loss: 60.06713104248047, reward 18.000000, eps 0.100000
Step 1777 (1065223) @ Episode 586/10000, loss: 60.13242721557617, reward 20.000000, eps 0.100000
Step 2003 (1067227) @ Episode 587/10000, loss: 60.00469970703125, reward 20.000000, eps 0.100000
Step 2309 (1069537) @ Episode 588/10000, loss: 59.96352005004883, reward 16.000000, eps 0.100000
Step 2136 (1071674) @ Episode 589/10000, loss: 60.0670280456543, reward 14.000000, eps 0.100000
Step 2471 (1074146) @ Episode 590/10000, loss: 59.867496490478516, reward 13.000000, eps 0.100000
Step 1907 (1076054) @ Episode 591/10000, loss: 59.76298904418945, reward 19.000000, eps 0.100000
Step 1912 (1077967) @ Episode 592/10000, loss: 60.04755783081055, reward 19.000000, eps 0.100000
Step 2044 (1080012) @ Episode 593/10000, loss: 59.96446228027344, reward 15.000000, eps 0.100000
Step 1910 (1081923) @ Episode 594/10000, loss: 60.34256362915039, reward 19.000000, eps 0.100000
Step 1931 (1083855) @ Episode 595/10000, loss: 60.20148468017578, reward 20.000000, eps 0.100000
Step 2348 (1086204) @ Episode 596/10000, loss: 59.96250534057617, reward 17.000000, eps 0.100000
Step 1740 (1087945) @ Episode 597/10000, loss: 59.914730072021484, reward 21.000000, eps 0.100000
Step 2022 (1089968) @ Episode 598/10000, loss: 60.18386459350586, reward 18.000000, eps 0.100000
Step 2136 (1092105) @ Episode 599/10000, loss: 59.977378845214844, reward 16.000000, eps 0.100000
Step 2044 (1094150) @ Episode 600/10000, loss: 59.95375061035156, reward 14.000000, eps 0.100000
Step 2159 (1096310) @ Episode 601/10000, loss: 60.02268600463867, reward 18.000000, eps 0.100000
Step 1955 (1098266) @ Episode 602/10000, loss: 60.15475845336914, reward 18.000000, eps 0.100000
Step 2295 (1100562) @ Episode 603/10000, loss: 59.775901794433594, reward 15.000000, eps 0.100000
Step 2181 (1102744) @ Episode 604/10000, loss: 60.09519577026367, reward 16.000000, eps 0.100000
Step 2332 (1105077) @ Episode 605/10000, loss: 60.25815200805664, reward 13.000000, eps 0.100000
Step 2299 (1107377) @ Episode 606/10000, loss: 59.86457824707031, reward 12.000000, eps 0.100000
Step 2040 (1109418) @ Episode 607/10000, loss: 59.78639602661133, reward 16.000000, eps 0.100000
Step 2174 (1111593) @ Episode 608/10000, loss: 59.91387939453125, reward 16.000000, eps 0.100000
Step 2019 (1113613) @ Episode 609/10000, loss: 59.83071517944336, reward 19.000000, eps 0.100000
Step 1940 (1115554) @ Episode 610/10000, loss: 59.79111099243164, reward 18.000000, eps 0.100000
Step 2592 (1118147) @ Episode 611/10000, loss: 60.00870132446289, reward 15.000000, eps 0.100000
Step 2294 (1120442) @ Episode 612/10000, loss: 59.814762115478516, reward 19.000000, eps 0.100000
Step 1985 (1122428) @ Episode 613/10000, loss: 60.08656692504883, reward 16.000000, eps 0.100000
Step 1747 (1124176) @ Episode 614/10000, loss: 60.152706146240234, reward 20.000000, eps 0.100000
Step 2058 (1126235) @ Episode 615/10000, loss: 59.92433547973633, reward 19.000000, eps 0.100000
Step 2130 (1128366) @ Episode 616/10000, loss: 60.325801849365234, reward 15.000000, eps 0.100000
Step 1850 (1130217) @ Episode 617/10000, loss: 60.07415771484375, reward 18.000000, eps 0.100000
Step 1980 (1132198) @ Episode 618/10000, loss: 59.93370056152344, reward 15.000000, eps 0.100000
Step 2423 (1134622) @ Episode 619/10000, loss: 59.42565155029297, reward 14.000000, eps 0.100000
Step 2082 (1136705) @ Episode 620/10000, loss: 60.032596588134766, reward 19.000000, eps 0.100000
Step 2078 (1138784) @ Episode 621/10000, loss: 59.78664779663086, reward 15.000000, eps 0.100000
Step 2010 (1140795) @ Episode 622/10000, loss: 59.77738952636719, reward 19.000000, eps 0.100000
Step 1978 (1142774) @ Episode 623/10000, loss: 59.7071418762207, reward 14.000000, eps 0.100000
Step 2182 (1144957) @ Episode 624/10000, loss: 59.87120819091797, reward 15.000000, eps 0.100000
Step 1941 (1146899) @ Episode 625/10000, loss: 59.937530517578125, reward 18.000000, eps 0.100000
Step 1995 (1148895) @ Episode 626/10000, loss: 59.746925354003906, reward 19.000000, eps 0.100000
Step 2159 (1151055) @ Episode 627/10000, loss: 59.76243209838867, reward 14.000000, eps 0.100000
Step 1916 (1152972) @ Episode 628/10000, loss: 59.63710021972656, reward 20.000000, eps 0.100000
Step 2042 (1155015) @ Episode 629/10000, loss: 59.96514129638672, reward 19.000000, eps 0.100000
Step 2119 (1157135) @ Episode 630/10000, loss: 59.861270904541016, reward 17.000000, eps 0.100000
Step 2428 (1159564) @ Episode 631/10000, loss: 59.64827346801758, reward 15.000000, eps 0.100000
Step 2264 (1161829) @ Episode 632/10000, loss: 59.58733367919922, reward 18.000000, eps 0.100000
Step 1985 (1163815) @ Episode 633/10000, loss: 59.55815505981445, reward 15.000000, eps 0.100000
Step 1688 (1165504) @ Episode 634/10000, loss: 59.91624450683594, reward 20.000000, eps 0.100000
